-------------------------------------
Beginning Export of all Source
ECUGymProject.accdb
VCS Version 3.4.20
Using Fast Save
3/27/2022 4:50:43 PM
-------------------------------------
-------------------------------------
Exporting project...          
  ECUGymProject.accdb
[1]
-------------------------------------
Exporting vb project...       
  Database1
[1]
-------------------------------------
Exporting vbe references...   
  stdole
[2]
-------------------------------------
No modified vbe forms found in this database.
-------------------------------------
Exporting proj properties...  
  Current Project Properties (Access)
[2]
-------------------------------------
No modified saved specs found in this database.
-------------------------------------
Exporting db properties...    
  Database Properties (DAO)
[50]
-------------------------------------
Exporting shared images...    
  East_Central_logo
[1]
-------------------------------------
Exporting themes...           
  Office Theme
[1]
-------------------------------------
No modified imex specs found in this database.
-------------------------------------
Exporting tables...           
  Login
    Sanitized in 0.007 seconds.
  Login (SQL)
  Member
    Sanitized in 0.003 seconds.
  Member (SQL)
[2]
-------------------------------------
No modified queries found in this database.
-------------------------------------
Exporting forms...            
  formDashboard
    Sanitized in 0.007 seconds.
[1]
-------------------------------------
No modified macros found in this database.
-------------------------------------
No modified reports found in this database.
-------------------------------------
No modified table data found in this database.
-------------------------------------
No modified modules found in this database.
-------------------------------------
No modified table data macros found in this database.
-------------------------------------
Exporting relations...        
  MemberLogin
[1]
-------------------------------------
Exporting doc properties...   
  Database Documents
[2]
-------------------------------------
Exporting nav pane groups...  
  Groups
[1]
-------------------------------------
No modified hidden attributes found in this database.
-------------------------------------
Done. (0.87 seconds)

--------------------------------------------------
                PERFORMANCE REPORTS
--------------------------------------------------
Object Type                   Count     Seconds
--------------------------------------------------
Project                       1         0.02
VB Project                    1         0.02
VBE References                2         0.02
Proj Properties               2         0.01
DB Properties                 50        0.21
Shared Images                 1         0.01
Themes                        1         0.01
Tables                        2         0.08
Forms                         1         0.23
Relations                     1         0.01
Doc Properties                2         0.01
Nav Pane Groups               1         0.01
--------------------------------------------------
TOTALS:                       65        0.64
--------------------------------------------------

--------------------------------------------------
Operations                    Count     Seconds
--------------------------------------------------
Read File                     14        0.02
Parse JSON                    10        0.01
Convert to JSON               653       0.27
Compute SHA256                14        0.00
Console Updates               2         0.05
Compare Dictionary            8         0.00
Get Modified Date             6         0.00
Get File Property Hash        6         0.00
Write File                    7         0.00
Verify Path                   12        0.00
Clear Orphaned                4         0.03
Write to Disk                 1         0.00
Create Folder                 1         0.00
Export Theme                  1         0.00
App.ExportXML()               2         0.03
Sanitize XML                  2         0.00
Format XML                    2         0.00
Save Table SQL                2         0.01
Get VBA Hash                  2         0.00
App.SaveAsText()              1         0.01
Read File Bytes               2         0.01
Read File DevMode             1         0.00
Delete File                   1         0.00
Sanitize File                 1         0.01
--------------------------------------------------
Other Operations                        0.42
--------------------------------------------------


